2020-04-18 18:25:51,872 [Worker-3] INFO  c.g.t.t.d.PublishedGradleVersions - Gradle version information cache is out-of-date. Trying to update.
2020-04-18 18:48:02,776 [Worker-3] INFO  o.e.m.c.i.l.LifecycleMappingFactory - Using org.eclipse.m2e.jdt.JarLifecycleMapping lifecycle mapping for MavenProject: com.dronacharya:dronacharya_poc:0.0.1-SNAPSHOT @ C:\Users\Administrator\eclipse-workspace\Dronacharya_poc\dronacharya_poc\pom.xml.
2020-04-18 18:48:03,520 [Worker-3] INFO  o.e.m.j.i.AbstractJavaProjectConfigurator - Adding source folder /dronacharya_poc/src/main/java
2020-04-18 18:48:03,522 [Worker-3] INFO  o.e.m.j.i.AbstractJavaProjectConfigurator - Adding resource folder /dronacharya_poc/src/main/resources
2020-04-18 18:48:03,523 [Worker-3] INFO  o.e.m.j.i.AbstractJavaProjectConfigurator - Adding source folder /dronacharya_poc/src/test/java
2020-04-18 18:48:03,524 [Worker-3] INFO  o.e.m.j.i.AbstractJavaProjectConfigurator - Adding resource folder /dronacharya_poc/src/test/resources
2020-04-18 18:48:07,027 [Worker-13] WARN  o.e.m.c.i.embedder.EclipseLogger - Using platform encoding (Cp1252 actually) to copy filtered resources, i.e. build is platform dependent!
2020-04-18 18:48:07,037 [Worker-13] INFO  o.e.m.c.i.embedder.EclipseLogger - Copying 0 resource
2020-04-18 18:48:07,041 [Worker-13] WARN  o.e.m.c.i.embedder.EclipseLogger - Using platform encoding (Cp1252 actually) to copy filtered resources, i.e. build is platform dependent!
2020-04-18 18:48:07,043 [Worker-13] INFO  o.e.m.c.i.embedder.EclipseLogger - Copying 0 resource
2020-04-18 18:59:14,368 [Worker-3] INFO  o.e.m.c.i.l.LifecycleMappingFactory - Using org.eclipse.m2e.jdt.JarLifecycleMapping lifecycle mapping for MavenProject: com.dronacharya:dronacharya_poc:0.0.1-SNAPSHOT @ C:\Users\Administrator\eclipse-workspace\Dronacharya_poc\dronacharya_poc\pom.xml.
2020-04-18 18:59:14,984 [Worker-3] WARN  o.e.m.c.i.embedder.EclipseLogger - Using platform encoding (Cp1252 actually) to copy filtered resources, i.e. build is platform dependent!
2020-04-18 18:59:14,988 [Worker-3] INFO  o.e.m.c.i.embedder.EclipseLogger - Copying 0 resource
2020-04-18 18:59:14,988 [Worker-3] WARN  o.e.m.c.i.embedder.EclipseLogger - Using platform encoding (Cp1252 actually) to copy filtered resources, i.e. build is platform dependent!
2020-04-18 18:59:14,992 [Worker-3] INFO  o.e.m.c.i.embedder.EclipseLogger - Copying 0 resource
2020-04-18 18:59:27,673 [Worker-15] INFO  o.e.m.c.i.l.LifecycleMappingFactory - Using org.eclipse.m2e.jdt.JarLifecycleMapping lifecycle mapping for MavenProject: com.dronacharya:dronacharya_poc:0.0.1-SNAPSHOT @ C:\Users\Administrator\eclipse-workspace\Dronacharya_poc\dronacharya_poc\pom.xml.
2020-04-18 18:59:27,909 [Worker-15] WARN  o.e.m.c.i.embedder.EclipseLogger - Using platform encoding (Cp1252 actually) to copy filtered resources, i.e. build is platform dependent!
2020-04-18 18:59:27,913 [Worker-15] INFO  o.e.m.c.i.embedder.EclipseLogger - Copying 0 resource
2020-04-18 18:59:27,917 [Worker-15] WARN  o.e.m.c.i.embedder.EclipseLogger - Using platform encoding (Cp1252 actually) to copy filtered resources, i.e. build is platform dependent!
2020-04-18 18:59:27,917 [Worker-15] INFO  o.e.m.c.i.embedder.EclipseLogger - Copying 0 resource
2020-04-18 18:59:54,943 [Worker-14] INFO  o.e.m.c.i.l.LifecycleMappingFactory - Using org.eclipse.m2e.jdt.JarLifecycleMapping lifecycle mapping for MavenProject: com.dronacharya:dronacharya_poc:0.0.1-SNAPSHOT @ C:\Users\Administrator\eclipse-workspace\Dronacharya_poc\dronacharya_poc\pom.xml.
2020-04-18 18:59:56,021 [Worker-14] WARN  o.e.m.c.i.embedder.EclipseLogger - Using platform encoding (Cp1252 actually) to copy filtered resources, i.e. build is platform dependent!
2020-04-18 18:59:56,025 [Worker-14] INFO  o.e.m.c.i.embedder.EclipseLogger - Copying 0 resource
2020-04-18 18:59:56,025 [Worker-14] WARN  o.e.m.c.i.embedder.EclipseLogger - Using platform encoding (Cp1252 actually) to copy filtered resources, i.e. build is platform dependent!
2020-04-18 18:59:56,029 [Worker-14] INFO  o.e.m.c.i.embedder.EclipseLogger - Copying 0 resource
2020-04-18 22:18:45,133 [Worker-23] WARN  o.e.m.c.i.embedder.EclipseLogger - Using platform encoding (Cp1252 actually) to copy filtered resources, i.e. build is platform dependent!
2020-04-18 22:18:45,160 [Worker-23] INFO  o.e.m.c.i.embedder.EclipseLogger - Copying 0 resource
2020-04-18 22:18:45,162 [Worker-23] WARN  o.e.m.c.i.embedder.EclipseLogger - Using platform encoding (Cp1252 actually) to copy filtered resources, i.e. build is platform dependent!
2020-04-18 22:18:45,164 [Worker-23] INFO  o.e.m.c.i.embedder.EclipseLogger - Copying 0 resource
2020-04-18 22:19:12,747 [Worker-28] WARN  o.e.m.c.i.embedder.EclipseLogger - Using platform encoding (Cp1252 actually) to copy filtered resources, i.e. build is platform dependent!
2020-04-18 22:19:12,750 [Worker-28] INFO  o.e.m.c.i.embedder.EclipseLogger - Copying 0 resource
2020-04-18 22:19:12,752 [Worker-28] WARN  o.e.m.c.i.embedder.EclipseLogger - Using platform encoding (Cp1252 actually) to copy filtered resources, i.e. build is platform dependent!
2020-04-18 22:19:12,753 [Worker-28] INFO  o.e.m.c.i.embedder.EclipseLogger - Copying 0 resource
2020-04-18 22:19:13,816 [Worker-30] WARN  o.e.m.c.i.embedder.EclipseLogger - Using platform encoding (Cp1252 actually) to copy filtered resources, i.e. build is platform dependent!
2020-04-18 22:19:13,820 [Worker-30] INFO  o.e.m.c.i.embedder.EclipseLogger - Copying 0 resource
2020-04-18 22:19:13,824 [Worker-30] WARN  o.e.m.c.i.embedder.EclipseLogger - Using platform encoding (Cp1252 actually) to copy filtered resources, i.e. build is platform dependent!
2020-04-18 22:19:13,825 [Worker-30] INFO  o.e.m.c.i.embedder.EclipseLogger - Copying 0 resource
2020-04-18 22:19:21,443 [Worker-23] WARN  o.e.m.c.i.embedder.EclipseLogger - Using platform encoding (Cp1252 actually) to copy filtered resources, i.e. build is platform dependent!
2020-04-18 22:19:21,444 [Worker-23] INFO  o.e.m.c.i.embedder.EclipseLogger - Copying 0 resource
2020-04-18 22:19:21,446 [Worker-23] WARN  o.e.m.c.i.embedder.EclipseLogger - Using platform encoding (Cp1252 actually) to copy filtered resources, i.e. build is platform dependent!
2020-04-18 22:19:21,447 [Worker-23] INFO  o.e.m.c.i.embedder.EclipseLogger - Copying 0 resource
2020-04-18 22:19:29,884 [Worker-30] WARN  o.e.m.c.i.embedder.EclipseLogger - Using platform encoding (Cp1252 actually) to copy filtered resources, i.e. build is platform dependent!
2020-04-18 22:19:29,886 [Worker-30] INFO  o.e.m.c.i.embedder.EclipseLogger - Copying 0 resource
2020-04-18 22:19:29,888 [Worker-30] WARN  o.e.m.c.i.embedder.EclipseLogger - Using platform encoding (Cp1252 actually) to copy filtered resources, i.e. build is platform dependent!
2020-04-18 22:19:29,889 [Worker-30] INFO  o.e.m.c.i.embedder.EclipseLogger - Copying 0 resource
2020-04-18 22:19:36,928 [Worker-30] WARN  o.e.r.models.ModelRepository - Failed to download org.eclipse.recommenders:index::zip:0.0.0
org.eclipse.aether.resolution.ArtifactResolutionException: Could not find artifact org.eclipse.recommenders:index:zip:0.0.0-SNAPSHOT in models (http://download.eclipse.org/recommenders/models/oxygen/)
	at org.eclipse.aether.internal.impl.DefaultArtifactResolver.resolve(DefaultArtifactResolver.java:453) ~[na:na]
	at org.eclipse.aether.internal.impl.DefaultArtifactResolver.resolveArtifacts(DefaultArtifactResolver.java:255) ~[na:na]
	at org.eclipse.aether.internal.impl.DefaultArtifactResolver.resolveArtifact(DefaultArtifactResolver.java:232) ~[na:na]
	at org.eclipse.aether.internal.impl.DefaultRepositorySystem.resolveArtifact(DefaultRepositorySystem.java:303) ~[na:na]
	at org.eclipse.recommenders.models.ModelRepository.resolveInternal(ModelRepository.java:193) [org.eclipse.recommenders.models_2.5.2.v20180401-1226.jar:na]
	at org.eclipse.recommenders.models.ModelRepository.resolve(ModelRepository.java:172) [org.eclipse.recommenders.models_2.5.2.v20180401-1226.jar:na]
	at org.eclipse.recommenders.internal.models.rcp.EclipseModelRepository.resolve(EclipseModelRepository.java:168) [org.eclipse.recommenders.models.rcp_2.5.2.v20180401-1226.jar:na]
	at org.eclipse.recommenders.internal.models.rcp.DownloadModelArchiveJob.run(DownloadModelArchiveJob.java:76) [org.eclipse.recommenders.models.rcp_2.5.2.v20180401-1226.jar:na]
	at org.eclipse.core.internal.jobs.Worker.run(Worker.java:56) [org.eclipse.core.jobs_3.9.3.v20180115-1757.jar:na]
Caused by: org.eclipse.aether.transfer.ArtifactNotFoundException: Could not find artifact org.eclipse.recommenders:index:zip:0.0.0-SNAPSHOT in models (http://download.eclipse.org/recommenders/models/oxygen/)
	at org.eclipse.aether.connector.basic.ArtifactTransportListener.transferFailed(ArtifactTransportListener.java:48) ~[org.apache.maven.resolver.connector.basic_1.0.3.v20170405-0725.jar:1.0.3]
	at org.eclipse.aether.connector.basic.BasicRepositoryConnector$TaskRunner.run(BasicRepositoryConnector.java:364) ~[org.apache.maven.resolver.connector.basic_1.0.3.v20170405-0725.jar:1.0.3]
	at org.eclipse.aether.util.concurrency.RunnableErrorForwarder$1.run(RunnableErrorForwarder.java:76) ~[na:na]
	at org.eclipse.aether.connector.basic.BasicRepositoryConnector$DirectExecutor.execute(BasicRepositoryConnector.java:590) ~[org.apache.maven.resolver.connector.basic_1.0.3.v20170405-0725.jar:1.0.3]
	at org.eclipse.aether.connector.basic.BasicRepositoryConnector.get(BasicRepositoryConnector.java:258) ~[org.apache.maven.resolver.connector.basic_1.0.3.v20170405-0725.jar:1.0.3]
	at org.eclipse.aether.internal.impl.DefaultArtifactResolver.performDownloads(DefaultArtifactResolver.java:529) ~[na:na]
	at org.eclipse.aether.internal.impl.DefaultArtifactResolver.resolve(DefaultArtifactResolver.java:430) ~[na:na]
	... 8 common frames omitted
2020-04-18 22:21:50,956 [Worker-29] WARN  o.e.m.c.i.embedder.EclipseLogger - Using platform encoding (Cp1252 actually) to copy filtered resources, i.e. build is platform dependent!
2020-04-18 22:21:51,001 [Worker-29] INFO  o.e.m.c.i.embedder.EclipseLogger - Copying 0 resource
2020-04-18 22:21:51,004 [Worker-29] WARN  o.e.m.c.i.embedder.EclipseLogger - Using platform encoding (Cp1252 actually) to copy filtered resources, i.e. build is platform dependent!
2020-04-18 22:21:51,006 [Worker-29] INFO  o.e.m.c.i.embedder.EclipseLogger - Copying 0 resource
2020-04-18 22:21:58,152 [Worker-30] WARN  o.e.m.c.i.embedder.EclipseLogger - Using platform encoding (Cp1252 actually) to copy filtered resources, i.e. build is platform dependent!
2020-04-18 22:21:58,153 [Worker-30] INFO  o.e.m.c.i.embedder.EclipseLogger - Copying 0 resource
2020-04-18 22:21:58,155 [Worker-30] WARN  o.e.m.c.i.embedder.EclipseLogger - Using platform encoding (Cp1252 actually) to copy filtered resources, i.e. build is platform dependent!
2020-04-18 22:21:58,156 [Worker-30] INFO  o.e.m.c.i.embedder.EclipseLogger - Copying 0 resource
2020-04-18 22:22:22,962 [Worker-13] WARN  o.e.m.c.i.embedder.EclipseLogger - Using platform encoding (Cp1252 actually) to copy filtered resources, i.e. build is platform dependent!
2020-04-18 22:22:22,964 [Worker-13] INFO  o.e.m.c.i.embedder.EclipseLogger - Copying 0 resource
2020-04-18 22:22:22,966 [Worker-13] WARN  o.e.m.c.i.embedder.EclipseLogger - Using platform encoding (Cp1252 actually) to copy filtered resources, i.e. build is platform dependent!
2020-04-18 22:22:22,968 [Worker-13] INFO  o.e.m.c.i.embedder.EclipseLogger - Copying 0 resource
2020-04-18 22:27:23,907 [Worker-23] INFO  o.e.m.c.i.l.LifecycleMappingFactory - Using org.eclipse.m2e.jdt.JarLifecycleMapping lifecycle mapping for MavenProject: com.dronacharya:dronacharya_poc:0.0.1-SNAPSHOT @ C:\Users\Administrator\eclipse-workspace\Dronacharya_poc\dronacharya_poc\pom.xml.
2020-04-18 22:27:24,423 [Worker-23] WARN  o.e.m.c.i.embedder.EclipseLogger - Using platform encoding (Cp1252 actually) to copy filtered resources, i.e. build is platform dependent!
2020-04-18 22:27:24,426 [Worker-23] INFO  o.e.m.c.i.embedder.EclipseLogger - Copying 0 resource
2020-04-18 22:27:24,428 [Worker-23] WARN  o.e.m.c.i.embedder.EclipseLogger - Using platform encoding (Cp1252 actually) to copy filtered resources, i.e. build is platform dependent!
2020-04-18 22:27:24,430 [Worker-23] INFO  o.e.m.c.i.embedder.EclipseLogger - Copying 0 resource
2020-04-18 22:27:44,994 [Worker-28] WARN  o.e.m.c.i.embedder.EclipseLogger - Using platform encoding (Cp1252 actually) to copy filtered resources, i.e. build is platform dependent!
2020-04-18 22:27:45,004 [Worker-28] INFO  o.e.m.c.i.embedder.EclipseLogger - Copying 0 resource
2020-04-18 22:27:45,006 [Worker-28] WARN  o.e.m.c.i.embedder.EclipseLogger - Using platform encoding (Cp1252 actually) to copy filtered resources, i.e. build is platform dependent!
2020-04-18 22:27:45,014 [Worker-28] INFO  o.e.m.c.i.embedder.EclipseLogger - Copying 0 resource
2020-04-18 22:28:05,529 [Worker-30] INFO  o.e.m.c.i.p.ProjectConfigurationManager - Update started
2020-04-18 22:28:06,124 [Worker-30] INFO  o.e.m.c.i.l.LifecycleMappingFactory - Using org.eclipse.m2e.jdt.JarLifecycleMapping lifecycle mapping for MavenProject: com.dronacharya:dronacharya_poc:0.0.1-SNAPSHOT @ C:\Users\Administrator\eclipse-workspace\Dronacharya_poc\dronacharya_poc\pom.xml.
2020-04-18 22:28:06,607 [Worker-30] INFO  o.e.m.j.i.AbstractJavaProjectConfigurator - Adding source folder /dronacharya_poc/src/main/java
2020-04-18 22:28:06,608 [Worker-30] INFO  o.e.m.j.i.AbstractJavaProjectConfigurator - Adding resource folder /dronacharya_poc/src/main/resources
2020-04-18 22:28:06,609 [Worker-30] INFO  o.e.m.j.i.AbstractJavaProjectConfigurator - Adding source folder /dronacharya_poc/src/test/java
2020-04-18 22:28:06,610 [Worker-30] INFO  o.e.m.j.i.AbstractJavaProjectConfigurator - Adding resource folder /dronacharya_poc/src/test/resources
2020-04-18 22:28:06,845 [Worker-30] INFO  o.e.m.c.i.p.ProjectConfigurationManager - Update completed: 1 sec
2020-04-18 22:28:07,182 [Worker-30] WARN  o.e.m.c.i.embedder.EclipseLogger - Using platform encoding (Cp1252 actually) to copy filtered resources, i.e. build is platform dependent!
2020-04-18 22:28:07,184 [Worker-30] INFO  o.e.m.c.i.embedder.EclipseLogger - Copying 0 resource
2020-04-18 22:28:07,188 [Worker-30] WARN  o.e.m.c.i.embedder.EclipseLogger - Using platform encoding (Cp1252 actually) to copy filtered resources, i.e. build is platform dependent!
2020-04-18 22:28:07,189 [Worker-30] INFO  o.e.m.c.i.embedder.EclipseLogger - Copying 0 resource
2020-04-18 22:28:15,320 [Worker-31] WARN  o.e.m.c.i.embedder.EclipseLogger - Using platform encoding (Cp1252 actually) to copy filtered resources, i.e. build is platform dependent!
2020-04-18 22:28:15,327 [Worker-31] INFO  o.e.m.c.i.embedder.EclipseLogger - Copying 0 resource
2020-04-18 22:28:15,329 [Worker-31] WARN  o.e.m.c.i.embedder.EclipseLogger - Using platform encoding (Cp1252 actually) to copy filtered resources, i.e. build is platform dependent!
2020-04-18 22:28:15,330 [Worker-31] INFO  o.e.m.c.i.embedder.EclipseLogger - Copying 0 resource
2020-04-18 22:28:37,927 [Worker-31] WARN  o.e.m.c.i.embedder.EclipseLogger - Using platform encoding (Cp1252 actually) to copy filtered resources, i.e. build is platform dependent!
2020-04-18 22:28:37,928 [Worker-31] INFO  o.e.m.c.i.embedder.EclipseLogger - Copying 0 resource
2020-04-18 22:28:37,930 [Worker-31] WARN  o.e.m.c.i.embedder.EclipseLogger - Using platform encoding (Cp1252 actually) to copy filtered resources, i.e. build is platform dependent!
2020-04-18 22:28:37,931 [Worker-31] INFO  o.e.m.c.i.embedder.EclipseLogger - Copying 0 resource
2020-04-18 22:28:41,256 [Worker-29] WARN  o.e.m.c.i.embedder.EclipseLogger - Using platform encoding (Cp1252 actually) to copy filtered resources, i.e. build is platform dependent!
2020-04-18 22:28:41,258 [Worker-29] INFO  o.e.m.c.i.embedder.EclipseLogger - Copying 0 resource
2020-04-18 22:28:41,260 [Worker-29] WARN  o.e.m.c.i.embedder.EclipseLogger - Using platform encoding (Cp1252 actually) to copy filtered resources, i.e. build is platform dependent!
2020-04-18 22:28:41,262 [Worker-29] INFO  o.e.m.c.i.embedder.EclipseLogger - Copying 0 resource
2020-04-18 22:32:34,185 [Worker-30] WARN  o.e.m.c.i.embedder.EclipseLogger - Using platform encoding (Cp1252 actually) to copy filtered resources, i.e. build is platform dependent!
2020-04-18 22:32:34,187 [Worker-30] INFO  o.e.m.c.i.embedder.EclipseLogger - Copying 0 resource
2020-04-18 22:32:34,188 [Worker-30] WARN  o.e.m.c.i.embedder.EclipseLogger - Using platform encoding (Cp1252 actually) to copy filtered resources, i.e. build is platform dependent!
2020-04-18 22:32:34,189 [Worker-30] INFO  o.e.m.c.i.embedder.EclipseLogger - Copying 0 resource
2020-04-18 22:33:31,990 [Worker-30] WARN  o.e.m.c.i.embedder.EclipseLogger - Using platform encoding (Cp1252 actually) to copy filtered resources, i.e. build is platform dependent!
2020-04-18 22:33:31,991 [Worker-30] INFO  o.e.m.c.i.embedder.EclipseLogger - Copying 0 resource
2020-04-18 22:33:31,994 [Worker-30] WARN  o.e.m.c.i.embedder.EclipseLogger - Using platform encoding (Cp1252 actually) to copy filtered resources, i.e. build is platform dependent!
2020-04-18 22:33:31,995 [Worker-30] INFO  o.e.m.c.i.embedder.EclipseLogger - Copying 0 resource
2020-04-18 22:33:40,272 [Worker-13] WARN  o.e.m.c.i.embedder.EclipseLogger - Using platform encoding (Cp1252 actually) to copy filtered resources, i.e. build is platform dependent!
2020-04-18 22:33:40,275 [Worker-13] INFO  o.e.m.c.i.embedder.EclipseLogger - Copying 0 resource
2020-04-18 22:33:40,277 [Worker-13] WARN  o.e.m.c.i.embedder.EclipseLogger - Using platform encoding (Cp1252 actually) to copy filtered resources, i.e. build is platform dependent!
2020-04-18 22:33:40,279 [Worker-13] INFO  o.e.m.c.i.embedder.EclipseLogger - Copying 0 resource
2020-04-18 22:39:26,723 [Worker-30] WARN  o.e.m.c.i.embedder.EclipseLogger - Using platform encoding (Cp1252 actually) to copy filtered resources, i.e. build is platform dependent!
2020-04-18 22:39:26,725 [Worker-30] INFO  o.e.m.c.i.embedder.EclipseLogger - Copying 0 resource
2020-04-18 22:39:26,728 [Worker-30] WARN  o.e.m.c.i.embedder.EclipseLogger - Using platform encoding (Cp1252 actually) to copy filtered resources, i.e. build is platform dependent!
2020-04-18 22:39:26,729 [Worker-30] INFO  o.e.m.c.i.embedder.EclipseLogger - Copying 0 resource
2020-04-18 22:39:40,355 [Worker-23] WARN  o.e.m.c.i.embedder.EclipseLogger - Using platform encoding (Cp1252 actually) to copy filtered resources, i.e. build is platform dependent!
2020-04-18 22:39:40,356 [Worker-23] INFO  o.e.m.c.i.embedder.EclipseLogger - Copying 0 resource
2020-04-18 22:39:40,357 [Worker-23] WARN  o.e.m.c.i.embedder.EclipseLogger - Using platform encoding (Cp1252 actually) to copy filtered resources, i.e. build is platform dependent!
2020-04-18 22:39:40,358 [Worker-23] INFO  o.e.m.c.i.embedder.EclipseLogger - Copying 0 resource
2020-04-18 22:44:10,798 [Worker-34] WARN  o.e.m.c.i.embedder.EclipseLogger - Using platform encoding (Cp1252 actually) to copy filtered resources, i.e. build is platform dependent!
2020-04-18 22:44:10,800 [Worker-34] INFO  o.e.m.c.i.embedder.EclipseLogger - Copying 0 resource
2020-04-18 22:44:10,801 [Worker-34] WARN  o.e.m.c.i.embedder.EclipseLogger - Using platform encoding (Cp1252 actually) to copy filtered resources, i.e. build is platform dependent!
2020-04-18 22:44:10,802 [Worker-34] INFO  o.e.m.c.i.embedder.EclipseLogger - Copying 0 resource
2020-04-18 22:44:29,711 [Worker-29] WARN  o.e.m.c.i.embedder.EclipseLogger - Using platform encoding (Cp1252 actually) to copy filtered resources, i.e. build is platform dependent!
2020-04-18 22:44:29,712 [Worker-29] INFO  o.e.m.c.i.embedder.EclipseLogger - Copying 0 resource
2020-04-18 22:44:29,713 [Worker-29] WARN  o.e.m.c.i.embedder.EclipseLogger - Using platform encoding (Cp1252 actually) to copy filtered resources, i.e. build is platform dependent!
2020-04-18 22:44:29,714 [Worker-29] INFO  o.e.m.c.i.embedder.EclipseLogger - Copying 0 resource
2020-04-18 22:46:49,870 [Worker-32] WARN  o.e.m.c.i.embedder.EclipseLogger - Using platform encoding (Cp1252 actually) to copy filtered resources, i.e. build is platform dependent!
2020-04-18 22:46:49,873 [Worker-32] INFO  o.e.m.c.i.embedder.EclipseLogger - Copying 0 resource
2020-04-18 22:46:49,876 [Worker-32] WARN  o.e.m.c.i.embedder.EclipseLogger - Using platform encoding (Cp1252 actually) to copy filtered resources, i.e. build is platform dependent!
2020-04-18 22:46:49,877 [Worker-32] INFO  o.e.m.c.i.embedder.EclipseLogger - Copying 0 resource
2020-04-18 22:46:58,272 [Worker-29] WARN  o.e.m.c.i.embedder.EclipseLogger - Using platform encoding (Cp1252 actually) to copy filtered resources, i.e. build is platform dependent!
2020-04-18 22:46:58,274 [Worker-29] INFO  o.e.m.c.i.embedder.EclipseLogger - Copying 0 resource
2020-04-18 22:46:58,275 [Worker-29] WARN  o.e.m.c.i.embedder.EclipseLogger - Using platform encoding (Cp1252 actually) to copy filtered resources, i.e. build is platform dependent!
2020-04-18 22:46:58,276 [Worker-29] INFO  o.e.m.c.i.embedder.EclipseLogger - Copying 0 resource
2020-04-18 22:47:52,476 [Worker-37] WARN  o.e.m.c.i.embedder.EclipseLogger - Using platform encoding (Cp1252 actually) to copy filtered resources, i.e. build is platform dependent!
2020-04-18 22:47:52,478 [Worker-37] INFO  o.e.m.c.i.embedder.EclipseLogger - Copying 0 resource
2020-04-18 22:47:52,480 [Worker-37] WARN  o.e.m.c.i.embedder.EclipseLogger - Using platform encoding (Cp1252 actually) to copy filtered resources, i.e. build is platform dependent!
2020-04-18 22:47:52,482 [Worker-37] INFO  o.e.m.c.i.embedder.EclipseLogger - Copying 0 resource
2020-04-18 22:54:17,867 [Worker-34] WARN  o.e.m.c.i.embedder.EclipseLogger - Using platform encoding (Cp1252 actually) to copy filtered resources, i.e. build is platform dependent!
2020-04-18 22:54:17,875 [Worker-34] INFO  o.e.m.c.i.embedder.EclipseLogger - Copying 0 resource
2020-04-18 22:54:17,877 [Worker-34] WARN  o.e.m.c.i.embedder.EclipseLogger - Using platform encoding (Cp1252 actually) to copy filtered resources, i.e. build is platform dependent!
2020-04-18 22:54:17,878 [Worker-34] INFO  o.e.m.c.i.embedder.EclipseLogger - Copying 0 resource
2020-04-18 22:58:09,808 [Worker-34] INFO  o.e.m.c.i.p.ProjectConfigurationManager - Update started
2020-04-18 22:58:10,485 [Worker-34] INFO  o.e.m.c.i.l.LifecycleMappingFactory - Using org.eclipse.m2e.jdt.JarLifecycleMapping lifecycle mapping for MavenProject: com.dronacharya:dronacharya_poc:0.0.1-SNAPSHOT @ C:\Users\Administrator\eclipse-workspace\Dronacharya_poc\dronacharya_poc\pom.xml.
2020-04-18 22:58:11,163 [Worker-34] INFO  o.e.m.j.i.AbstractJavaProjectConfigurator - Adding source folder /dronacharya_poc/src/main/java
2020-04-18 22:58:11,163 [Worker-34] INFO  o.e.m.j.i.AbstractJavaProjectConfigurator - Adding resource folder /dronacharya_poc/src/main/resources
2020-04-18 22:58:11,164 [Worker-34] INFO  o.e.m.j.i.AbstractJavaProjectConfigurator - Adding source folder /dronacharya_poc/src/test/java
2020-04-18 22:58:11,165 [Worker-34] INFO  o.e.m.j.i.AbstractJavaProjectConfigurator - Adding resource folder /dronacharya_poc/src/test/resources
2020-04-18 22:58:11,346 [Worker-34] INFO  o.e.m.c.i.p.ProjectConfigurationManager - Update completed: 1 sec
2020-04-18 22:58:11,655 [Worker-32] WARN  o.e.m.c.i.embedder.EclipseLogger - Using platform encoding (Cp1252 actually) to copy filtered resources, i.e. build is platform dependent!
2020-04-18 22:58:11,656 [Worker-32] INFO  o.e.m.c.i.embedder.EclipseLogger - Copying 0 resource
2020-04-18 22:58:11,659 [Worker-32] WARN  o.e.m.c.i.embedder.EclipseLogger - Using platform encoding (Cp1252 actually) to copy filtered resources, i.e. build is platform dependent!
2020-04-18 22:58:11,660 [Worker-32] INFO  o.e.m.c.i.embedder.EclipseLogger - Copying 0 resource
2020-04-18 22:58:39,439 [Worker-29] INFO  o.e.m.i.launch.MavenLaunchDelegate - C:\Users\Administrator\eclipse-workspace\Dronacharya_poc\dronacharya_poc
2020-04-18 22:58:39,443 [Worker-29] INFO  o.e.m.i.launch.MavenLaunchDelegate -  mvn -B clean
2020-04-18 22:59:00,176 [main] INFO  o.e.m2e.actions.ExecutePomAction - Creating new launch configuration
2020-04-18 22:59:22,959 [main] INFO  o.e.m2e.actions.ExecutePomAction - Creating new launch configuration
2020-04-18 23:00:03,049 [Worker-38] INFO  o.e.m.i.launch.MavenLaunchDelegate - C:\Users\Administrator\eclipse-workspace\Dronacharya_poc\dronacharya_poc
2020-04-18 23:00:03,050 [Worker-38] INFO  o.e.m.i.launch.MavenLaunchDelegate -  mvn -B 
2020-04-18 23:01:02,589 [main] INFO  o.e.m2e.actions.ExecutePomAction - Creating new launch configuration
2020-04-18 23:01:18,016 [Worker-40] INFO  o.e.m.i.launch.MavenLaunchDelegate - C:\Users\Administrator\eclipse-workspace\Dronacharya_poc\dronacharya_poc
2020-04-18 23:01:18,016 [Worker-40] INFO  o.e.m.i.launch.MavenLaunchDelegate -  mvn -B 
2020-04-18 23:02:06,265 [Worker-29] INFO  o.e.m.c.i.p.ProjectConfigurationManager - Update started
2020-04-18 23:02:06,880 [Worker-29] INFO  o.e.m.c.i.l.LifecycleMappingFactory - Using org.eclipse.m2e.jdt.JarLifecycleMapping lifecycle mapping for MavenProject: com.dronacharya:dronacharya_poc:0.0.1-SNAPSHOT @ C:\Users\Administrator\eclipse-workspace\Dronacharya_poc\dronacharya_poc\pom.xml.
2020-04-18 23:02:07,650 [Worker-29] INFO  o.e.m.j.i.AbstractJavaProjectConfigurator - Adding source folder /dronacharya_poc/src/main/java
2020-04-18 23:02:07,650 [Worker-29] INFO  o.e.m.j.i.AbstractJavaProjectConfigurator - Adding resource folder /dronacharya_poc/src/main/resources
2020-04-18 23:02:07,651 [Worker-29] INFO  o.e.m.j.i.AbstractJavaProjectConfigurator - Adding source folder /dronacharya_poc/src/test/java
2020-04-18 23:02:07,652 [Worker-29] INFO  o.e.m.j.i.AbstractJavaProjectConfigurator - Adding resource folder /dronacharya_poc/src/test/resources
2020-04-18 23:02:07,799 [Worker-29] INFO  o.e.m.c.i.p.ProjectConfigurationManager - Update completed: 1 sec
2020-04-18 23:02:08,047 [Worker-32] WARN  o.e.m.c.i.embedder.EclipseLogger - Using platform encoding (Cp1252 actually) to copy filtered resources, i.e. build is platform dependent!
2020-04-18 23:02:08,048 [Worker-32] INFO  o.e.m.c.i.embedder.EclipseLogger - Copying 0 resource
2020-04-18 23:02:08,050 [Worker-32] WARN  o.e.m.c.i.embedder.EclipseLogger - Using platform encoding (Cp1252 actually) to copy filtered resources, i.e. build is platform dependent!
2020-04-18 23:02:08,052 [Worker-32] INFO  o.e.m.c.i.embedder.EclipseLogger - Copying 0 resource
2020-04-18 23:08:17,712 [Worker-36] WARN  o.e.m.c.i.embedder.EclipseLogger - Using platform encoding (Cp1252 actually) to copy filtered resources, i.e. build is platform dependent!
2020-04-18 23:08:17,715 [Worker-36] INFO  o.e.m.c.i.embedder.EclipseLogger - Copying 0 resource
2020-04-18 23:08:17,716 [Worker-36] WARN  o.e.m.c.i.embedder.EclipseLogger - Using platform encoding (Cp1252 actually) to copy filtered resources, i.e. build is platform dependent!
2020-04-18 23:08:17,718 [Worker-36] INFO  o.e.m.c.i.embedder.EclipseLogger - Copying 0 resource
2020-04-18 23:10:01,246 [Worker-40] WARN  o.e.m.c.i.embedder.EclipseLogger - Using platform encoding (Cp1252 actually) to copy filtered resources, i.e. build is platform dependent!
2020-04-18 23:10:01,247 [Worker-40] INFO  o.e.m.c.i.embedder.EclipseLogger - Copying 0 resource
2020-04-18 23:10:01,248 [Worker-40] WARN  o.e.m.c.i.embedder.EclipseLogger - Using platform encoding (Cp1252 actually) to copy filtered resources, i.e. build is platform dependent!
2020-04-18 23:10:01,249 [Worker-40] INFO  o.e.m.c.i.embedder.EclipseLogger - Copying 0 resource
2020-04-18 23:10:12,419 [Worker-40] WARN  o.e.m.c.i.embedder.EclipseLogger - Using platform encoding (Cp1252 actually) to copy filtered resources, i.e. build is platform dependent!
2020-04-18 23:10:12,421 [Worker-40] INFO  o.e.m.c.i.embedder.EclipseLogger - Copying 0 resource
2020-04-18 23:10:12,423 [Worker-40] WARN  o.e.m.c.i.embedder.EclipseLogger - Using platform encoding (Cp1252 actually) to copy filtered resources, i.e. build is platform dependent!
2020-04-18 23:10:12,424 [Worker-40] INFO  o.e.m.c.i.embedder.EclipseLogger - Copying 0 resource
2020-04-18 23:10:16,036 [Worker-29] WARN  o.e.m.c.i.embedder.EclipseLogger - Using platform encoding (Cp1252 actually) to copy filtered resources, i.e. build is platform dependent!
2020-04-18 23:10:16,038 [Worker-29] INFO  o.e.m.c.i.embedder.EclipseLogger - Copying 0 resource
2020-04-18 23:10:16,040 [Worker-29] WARN  o.e.m.c.i.embedder.EclipseLogger - Using platform encoding (Cp1252 actually) to copy filtered resources, i.e. build is platform dependent!
2020-04-18 23:10:16,042 [Worker-29] INFO  o.e.m.c.i.embedder.EclipseLogger - Copying 0 resource
2020-04-18 23:10:51,642 [Worker-40] WARN  o.e.m.c.i.embedder.EclipseLogger - Using platform encoding (Cp1252 actually) to copy filtered resources, i.e. build is platform dependent!
2020-04-18 23:10:51,644 [Worker-40] INFO  o.e.m.c.i.embedder.EclipseLogger - Copying 0 resource
2020-04-18 23:10:51,645 [Worker-40] WARN  o.e.m.c.i.embedder.EclipseLogger - Using platform encoding (Cp1252 actually) to copy filtered resources, i.e. build is platform dependent!
2020-04-18 23:10:51,646 [Worker-40] INFO  o.e.m.c.i.embedder.EclipseLogger - Copying 0 resource
2020-04-18 23:11:40,187 [Worker-39] WARN  o.e.m.c.i.embedder.EclipseLogger - Using platform encoding (Cp1252 actually) to copy filtered resources, i.e. build is platform dependent!
2020-04-18 23:11:40,189 [Worker-39] INFO  o.e.m.c.i.embedder.EclipseLogger - Copying 0 resource
2020-04-18 23:11:40,191 [Worker-39] WARN  o.e.m.c.i.embedder.EclipseLogger - Using platform encoding (Cp1252 actually) to copy filtered resources, i.e. build is platform dependent!
2020-04-18 23:11:40,192 [Worker-39] INFO  o.e.m.c.i.embedder.EclipseLogger - Copying 0 resource
2020-04-18 23:14:03,752 [Worker-36] WARN  o.e.m.c.i.embedder.EclipseLogger - Using platform encoding (Cp1252 actually) to copy filtered resources, i.e. build is platform dependent!
2020-04-18 23:14:03,753 [Worker-36] INFO  o.e.m.c.i.embedder.EclipseLogger - Copying 0 resource
2020-04-18 23:14:03,755 [Worker-36] WARN  o.e.m.c.i.embedder.EclipseLogger - Using platform encoding (Cp1252 actually) to copy filtered resources, i.e. build is platform dependent!
2020-04-18 23:14:03,757 [Worker-36] INFO  o.e.m.c.i.embedder.EclipseLogger - Copying 0 resource
2020-04-18 23:14:56,783 [Worker-36] WARN  o.e.m.c.i.embedder.EclipseLogger - Using platform encoding (Cp1252 actually) to copy filtered resources, i.e. build is platform dependent!
2020-04-18 23:14:56,785 [Worker-36] INFO  o.e.m.c.i.embedder.EclipseLogger - Copying 0 resource
2020-04-18 23:14:56,787 [Worker-36] WARN  o.e.m.c.i.embedder.EclipseLogger - Using platform encoding (Cp1252 actually) to copy filtered resources, i.e. build is platform dependent!
2020-04-18 23:14:56,788 [Worker-36] INFO  o.e.m.c.i.embedder.EclipseLogger - Copying 0 resource
2020-04-18 23:18:36,398 [Worker-29] WARN  o.e.m.c.i.embedder.EclipseLogger - Using platform encoding (Cp1252 actually) to copy filtered resources, i.e. build is platform dependent!
2020-04-18 23:18:36,401 [Worker-29] INFO  o.e.m.c.i.embedder.EclipseLogger - Copying 0 resource
2020-04-18 23:18:36,402 [Worker-29] WARN  o.e.m.c.i.embedder.EclipseLogger - Using platform encoding (Cp1252 actually) to copy filtered resources, i.e. build is platform dependent!
2020-04-18 23:18:36,404 [Worker-29] INFO  o.e.m.c.i.embedder.EclipseLogger - Copying 0 resource
2020-04-18 23:19:36,011 [Worker-40] WARN  o.e.m.c.i.embedder.EclipseLogger - Using platform encoding (Cp1252 actually) to copy filtered resources, i.e. build is platform dependent!
2020-04-18 23:19:36,013 [Worker-40] INFO  o.e.m.c.i.embedder.EclipseLogger - Copying 0 resource
2020-04-18 23:19:36,015 [Worker-40] WARN  o.e.m.c.i.embedder.EclipseLogger - Using platform encoding (Cp1252 actually) to copy filtered resources, i.e. build is platform dependent!
2020-04-18 23:19:36,016 [Worker-40] INFO  o.e.m.c.i.embedder.EclipseLogger - Copying 0 resource
2020-04-18 23:20:45,484 [Worker-41] WARN  o.e.m.c.i.embedder.EclipseLogger - Using platform encoding (Cp1252 actually) to copy filtered resources, i.e. build is platform dependent!
2020-04-18 23:20:45,485 [Worker-41] INFO  o.e.m.c.i.embedder.EclipseLogger - Copying 0 resource
2020-04-18 23:20:45,486 [Worker-41] WARN  o.e.m.c.i.embedder.EclipseLogger - Using platform encoding (Cp1252 actually) to copy filtered resources, i.e. build is platform dependent!
2020-04-18 23:20:45,487 [Worker-41] INFO  o.e.m.c.i.embedder.EclipseLogger - Copying 0 resource
